2026-07-23T17:37:17.911934Z  INFO backstitch_rust_core::helpers::tracing: 98: Tracing subscriber initialized
2026-07-23T17:37:17.911959Z  INFO backstitch_rust_core::interop::extension: 30: ** on_level_init: Scene
2026-07-23T17:37:17.913792Z  INFO backstitch_rust_core::interop::extension: 49: ** on_level_init: Editor
2026-07-23T17:37:19.050192Z DEBUG backstitch_rust_core::interop::godot_project: 860: ** GodotProjectPlugin: enter_tree
2026-07-23T17:37:20.039809Z  INFO backstitch_rust_core::interop::godot_project: 632: Backstitch config has no project id, not autostarting...
2026-07-23T17:41:29.261484Z  INFO backstitch_rust_core::project::project_base: 344: Creating with mode: New
2026-07-23T17:41:29.261947Z  INFO backstitch_rust_core::project::project_base: 148: Using project override for server url: "192.168.1.152:8085"
2026-07-23T17:41:29.262900Z  INFO backstitch_rust_core::project::project_base: 386: Starting GodotProject with metadata doc id: None
2026-07-23T17:41:29.262913Z DEBUG backstitch_rust_core::project::project_base: 398: Attempting to create driver...
2026-07-23T17:41:29.264346Z DEBUG backstitch_rust_core::project::project_base: 403: Creating driver...
2026-07-23T17:41:29.269489Z  INFO samod_core::loader: 123: no storage ID found, generating a new one
2026-07-23T17:41:29.272050Z  INFO fjall::db: 810: Creating database at /Users/mint/Documents/GitHub/gmtk-2026/.backstitch/index.bin
2026-07-23T17:41:29.370951Z  INFO lsm_tree::tree::ingest: 268: Finished ingestion writer
2026-07-23T17:41:29.453661Z  INFO lsm_tree::tree::ingest: 268: Finished ingestion writer
2026-07-23T17:41:29.483480Z  INFO backstitch_rust_core::project::branch_db::branch: 20: Creating new metadata doc...
2026-07-23T17:41:29.493956Z ERROR backstitch_rust_core::project::branch_db::util: 186: Branch not found in sync states! Unable to run get_canonical_changes.
2026-07-23T17:41:29.495571Z  INFO backstitch_rust_core::project::fs::sync_fs_to_automerge: 206: Checking in files at ref Some(HistoryRef { branch: 3cU9gesxWm2Jrhmx34VrE3LKz1zU, heads: [ChangeHash("daf67235c5c9ab1b62c3fd628d174763e3fd88b85b63c42c59b292116d2ce9e5")] })
2026-07-23T17:41:29.495595Z DEBUG backstitch_rust_core::project::document_watcher: 135: Found document 3cU9gesxWm2Jrhmx34VrE3LKz1zU
2026-07-23T17:41:29.495729Z DEBUG backstitch_rust_core::project::branch_db::branch_sync: 202: Updating branch sync state...
2026-07-23T17:41:29.495854Z DEBUG backstitch_rust_core::project::branch_db::branch_sync: 283: Reconcile starting...
2026-07-23T17:41:29.495909Z DEBUG backstitch_rust_core::project::branch_db::branch_sync: 319: Reconcile completed.
2026-07-23T17:41:29.497553Z  INFO backstitch_rust_core::project::fs::sync_fs_to_automerge: 217: Successfully hashed 3 files
2026-07-23T17:41:29.497677Z  INFO backstitch_rust_core::project::branch_db::commit: 29: Attempting to commit 3 changes...
2026-07-23T17:41:29.499849Z DEBUG backstitch_rust_core::project::branch_db::branch_sync: 283: Reconcile starting...
2026-07-23T17:41:29.504806Z DEBUG backstitch_rust_core::project::branch_db::branch_sync: 319: Reconcile completed.
2026-07-23T17:41:29.504881Z  INFO backstitch_rust_core::project::branch_db::commit: 218: Committed 3 files.
2026-07-23T17:41:29.504927Z  INFO backstitch_rust_core::project::project_base: 464: Finalizing start...
2026-07-23T17:41:29.504964Z  INFO backstitch_rust_core::project::driver: 195: Starting server connection with url Url { scheme: "tcp", cannot_be_a_base: false, username: "", password: None, host: Some(Domain("192.168.1.152")), port: Some(8085), path: "", query: None, fragment: None }
2026-07-23T17:41:29.505040Z DEBUG backstitch_rust_core::project::branch_db::branch_sync: 202: Updating branch sync state...
2026-07-23T17:41:29.505282Z DEBUG backstitch_rust_core::project::branch_db::branch_sync: 278: Could not reconcile because we're already up-to-date.
2026-07-23T17:41:29.512372Z  INFO backstitch_rust_core::project::project_base: 97: Ingesting changes...
2026-07-23T17:41:29.623115Z DEBUG backstitch_rust_core::project::fs::fs_watcher: 34: handling filesystem event: "/Users/mint/Documents/GitHub/gmtk-2026/backstitch.cfg-symZN8"
2026-07-23T17:41:29.623137Z DEBUG backstitch_rust_core::project::fs::fs_watcher: 34: handling filesystem event: "/Users/mint/Documents/GitHub/gmtk-2026/backstitch.cfg-symZN8"
2026-07-23T17:41:29.629454Z  INFO backstitch_rust_core::project::fs::sync_fs_to_automerge: 112: There are 2 watched changes, attempting to commit...
2026-07-23T17:41:29.630353Z  INFO backstitch_rust_core::project::fs::sync_fs_to_automerge: 156: Did not commit anything because there's no diff.
2026-07-23T17:41:35.873576Z DEBUG backstitch_rust_core::project::connection: 55: Dialer event: Some(Connected { peer_info: PeerInfo { peer_id: PeerId("peer-4661431823100005389"), storage_id: Some(StorageId("eafd13ef-bdb1-41e5-bd65-601eb9d7d1bb")) } })
2026-07-23T17:41:36.033250Z  INFO backstitch_rust_core::project::project_base: 97: Ingesting changes...
